c:\users\adebolaibiyode\source\repos\cis_554\zoomanagement\x64\debug\vc143.pdb
c:\users\adebolaibiyode\source\repos\cis_554\zoomanagement\x64\debug\vc143.idb
c:\users\adebolaibiyode\source\repos\cis_554\zoomanagement\x64\debug\zoo.obj
c:\users\adebolaibiyode\source\repos\cis_554\zoomanagement\x64\debug\main.obj
c:\users\adebolaibiyode\source\repos\cis_554\zoomanagement\x64\debug\wildcat.obj
c:\users\adebolaibiyode\source\repos\cis_554\zoomanagement\x64\debug\tiger.obj
c:\users\adebolaibiyode\source\repos\cis_554\zoomanagement\x64\debug\reptile.obj
c:\users\adebolaibiyode\source\repos\cis_554\zoomanagement\x64\debug\parrot.obj
c:\users\adebolaibiyode\source\repos\cis_554\zoomanagement\x64\debug\ostrich.obj
c:\users\adebolaibiyode\source\repos\cis_554\zoomanagement\x64\debug\monkey.obj
c:\users\adebolaibiyode\source\repos\cis_554\zoomanagement\x64\debug\mammal.obj
c:\users\adebolaibiyode\source\repos\cis_554\zoomanagement\x64\debug\lion.obj
c:\users\adebolaibiyode\source\repos\cis_554\zoomanagement\x64\debug\jaguar.obj
c:\users\adebolaibiyode\source\repos\cis_554\zoomanagement\x64\debug\hyena.obj
c:\users\adebolaibiyode\source\repos\cis_554\zoomanagement\x64\debug\gorilla.obj
c:\users\adebolaibiyode\source\repos\cis_554\zoomanagement\x64\debug\elephant.obj
c:\users\adebolaibiyode\source\repos\cis_554\zoomanagement\x64\debug\eagle.obj
c:\users\adebolaibiyode\source\repos\cis_554\zoomanagement\x64\debug\crocodile.obj
c:\users\adebolaibiyode\source\repos\cis_554\zoomanagement\x64\debug\bird.obj
c:\users\adebolaibiyode\source\repos\cis_554\zoomanagement\x64\debug\ape.obj
c:\users\adebolaibiyode\source\repos\cis_554\zoomanagement\x64\debug\animal.obj
c:\users\adebolaibiyode\source\repos\cis_554\zoomanagement\x64\debug\zoomanagement.pdb
c:\users\adebolaibiyode\source\repos\cis_554\zoomanagement\x64\debug\zoomanagement.tlog\cl.command.1.tlog
c:\users\adebolaibiyode\source\repos\cis_554\zoomanagement\x64\debug\zoomanagement.tlog\cl.items.tlog
c:\users\adebolaibiyode\source\repos\cis_554\zoomanagement\x64\debug\zoomanagement.tlog\cl.read.1.tlog
c:\users\adebolaibiyode\source\repos\cis_554\zoomanagement\x64\debug\zoomanagement.tlog\cl.write.1.tlog
c:\users\adebolaibiyode\source\repos\cis_554\zoomanagement\x64\debug\zoomanagement.tlog\link.32720.read.1.tlog
c:\users\adebolaibiyode\source\repos\cis_554\zoomanagement\x64\debug\zoomanagement.tlog\link.32720.write.1.tlog
c:\users\adebolaibiyode\source\repos\cis_554\zoomanagement\x64\debug\zoomanagement.tlog\link.command.1.tlog
c:\users\adebolaibiyode\source\repos\cis_554\zoomanagement\x64\debug\zoomanagement.tlog\link.read.1.tlog
c:\users\adebolaibiyode\source\repos\cis_554\zoomanagement\x64\debug\zoomanagement.tlog\link.write.1.tlog
